{"name": "test_logout", "status": "broken", "statusDetails": {"message": "selenium.common.exceptions.NoSuchElementException: Message: no such element: Unable to locate element: {\"method\":\"link text\",\"selector\":\"Logoutt\"}\n  (Session info: chrome=103.0.5060.53)\nStacktrace:\nBacktrace:\n\tOrdinal0 [0x00FC6463+2188387]\n\tOrdinal0 [0x00F5E461+1762401]\n\tOrdinal0 [0x00E73D78+802168]\n\tOrdinal0 [0x00EA1880+989312]\n\tOrdinal0 [0x00EA1B1B+989979]\n\tOrdinal0 [0x00ECE912+1173778]\n\tOrdinal0 [0x00EBC824+1099812]\n\tOrdinal0 [0x00ECCC22+1166370]\n\tOrdinal0 [0x00EBC5F6+1099254]\n\tOrdinal0 [0x00E96BE0+945120]\n\tOrdinal0 [0x00E97AD6+948950]\n\tGetHandleVerifier [0x012671F2+2712546]\n\tGetHandleVerifier [0x0125886D+2652765]\n\tGetHandleVerifier [0x0105002A+520730]\n\tGetHandleVerifier [0x0104EE06+516086]\n\tOrdinal0 [0x00F6468B+1787531]\n\tOrdinal0 [0x00F68E88+1805960]\n\tOrdinal0 [0x00F68F75+1806197]\n\tOrdinal0 [0x00F71DF1+1842673]\n\tBaseThreadInitThunk [0x76A9FA29+25]\n\tRtlGetAppContainerNamedObjectPath [0x77EB7A7E+286]\n\tRtlGetAppContainerNamedObjectPath [0x77EB7A4E+238]", "trace": "self = <test_login.TestLogin object at 0x000001B94AB3F250>\n\n    def test_logout(self):\n        try:\n            driver = self.driver\n            homepage = HomePage(driver)\n            homepage.click_welcome()\n>           homepage.click_logout()\n\ntests\\test_login.py:25: \n_ _ _ _ _ _ _ _ _ _ _ _ _ _ _ _ _ _ _ _ _ _ _ _ _ _ _ _ _ _ _ _ _ _ _ _ _ _ _ _ _ _ _ _ _ _ _ _ _ _ _ _ _ _ _ _ _ _ _ _ _ _ _ _ _ _ _ _ _ _ _ _ _ _ _ _ _ _ _ _ _ _ _ _ _ _ _ _ _ _ _ _ _ \npages\\homePage.py:13: in click_logout\n    self.driver.find_element_by_link_text(self.logout_link_linkText).click()\n..\\..\\AppData\\Local\\Programs\\Python\\Python39\\lib\\site-packages\\selenium\\webdriver\\remote\\webdriver.py:568: in find_element_by_link_text\n    return self.find_element(by=By.LINK_TEXT, value=link_text)\n..\\..\\AppData\\Local\\Programs\\Python\\Python39\\lib\\site-packages\\selenium\\webdriver\\remote\\webdriver.py:1244: in find_element\n    return self.execute(Command.FIND_ELEMENT, {\n..\\..\\AppData\\Local\\Programs\\Python\\Python39\\lib\\site-packages\\selenium\\webdriver\\remote\\webdriver.py:424: in execute\n    self.error_handler.check_response(response)\n_ _ _ _ _ _ _ _ _ _ _ _ _ _ _ _ _ _ _ _ _ _ _ _ _ _ _ _ _ _ _ _ _ _ _ _ _ _ _ _ _ _ _ _ _ _ _ _ _ _ _ _ _ _ _ _ _ _ _ _ _ _ _ _ _ _ _ _ _ _ _ _ _ _ _ _ _ _ _ _ _ _ _ _ _ _ _ _ _ _ _ _ _ \n\nself = <selenium.webdriver.remote.errorhandler.ErrorHandler object at 0x000001B94B0710D0>\nresponse = {'status': 404, 'value': '{\"value\":{\"error\":\"no such element\",\"message\":\"no such element: Unable to locate element: {\\...\\n\\\\tRtlGetAppContainerNamedObjectPath [0x77EB7A7E+286]\\\\n\\\\tRtlGetAppContainerNamedObjectPath [0x77EB7A4E+238]\\\\n\"}}'}\n\n    def check_response(self, response: Dict[str, Any]) -> None:\n        \"\"\"\n        Checks that a JSON response from the WebDriver does not have an error.\n    \n        :Args:\n         - response - The JSON response from the WebDriver server as a dictionary\n           object.\n    \n        :Raises: If the response contains an error message.\n        \"\"\"\n        status = response.get('status', None)\n        if not status or status == ErrorCode.SUCCESS:\n            return\n        value = None\n        message = response.get(\"message\", \"\")\n        screen: str = response.get(\"screen\", \"\")\n        stacktrace = None\n        if isinstance(status, int):\n            value_json = response.get('value', None)\n            if value_json and isinstance(value_json, str):\n                import json\n                try:\n                    value = json.loads(value_json)\n                    if len(value.keys()) == 1:\n                        value = value['value']\n                    status = value.get('error', None)\n                    if not status:\n                        status = value.get(\"status\", ErrorCode.UNKNOWN_ERROR)\n                        message = value.get(\"value\") or value.get(\"message\")\n                        if not isinstance(message, str):\n                            value = message\n                            message = message.get('message')\n                    else:\n                        message = value.get('message', None)\n                except ValueError:\n                    pass\n    \n        exception_class: Type[WebDriverException]\n        if status in ErrorCode.NO_SUCH_ELEMENT:\n            exception_class = NoSuchElementException\n        elif status in ErrorCode.NO_SUCH_FRAME:\n            exception_class = NoSuchFrameException\n        elif status in ErrorCode.NO_SUCH_SHADOW_ROOT:\n            exception_class = NoSuchShadowRootException\n        elif status in ErrorCode.NO_SUCH_WINDOW:\n            exception_class = NoSuchWindowException\n        elif status in ErrorCode.STALE_ELEMENT_REFERENCE:\n            exception_class = StaleElementReferenceException\n        elif status in ErrorCode.ELEMENT_NOT_VISIBLE:\n            exception_class = ElementNotVisibleException\n        elif status in ErrorCode.INVALID_ELEMENT_STATE:\n            exception_class = InvalidElementStateException\n        elif status in ErrorCode.INVALID_SELECTOR \\\n                or status in ErrorCode.INVALID_XPATH_SELECTOR \\\n                or status in ErrorCode.INVALID_XPATH_SELECTOR_RETURN_TYPER:\n            exception_class = InvalidSelectorException\n        elif status in ErrorCode.ELEMENT_IS_NOT_SELECTABLE:\n            exception_class = ElementNotSelectableException\n        elif status in ErrorCode.ELEMENT_NOT_INTERACTABLE:\n            exception_class = ElementNotInteractableException\n        elif status in ErrorCode.INVALID_COOKIE_DOMAIN:\n            exception_class = InvalidCookieDomainException\n        elif status in ErrorCode.UNABLE_TO_SET_COOKIE:\n            exception_class = UnableToSetCookieException\n        elif status in ErrorCode.TIMEOUT:\n            exception_class = TimeoutException\n        elif status in ErrorCode.SCRIPT_TIMEOUT:\n            exception_class = TimeoutException\n        elif status in ErrorCode.UNKNOWN_ERROR:\n            exception_class = WebDriverException\n        elif status in ErrorCode.UNEXPECTED_ALERT_OPEN:\n            exception_class = UnexpectedAlertPresentException\n        elif status in ErrorCode.NO_ALERT_OPEN:\n            exception_class = NoAlertPresentException\n        elif status in ErrorCode.IME_NOT_AVAILABLE:\n            exception_class = ImeNotAvailableException\n        elif status in ErrorCode.IME_ENGINE_ACTIVATION_FAILED:\n            exception_class = ImeActivationFailedException\n        elif status in ErrorCode.MOVE_TARGET_OUT_OF_BOUNDS:\n            exception_class = MoveTargetOutOfBoundsException\n        elif status in ErrorCode.JAVASCRIPT_ERROR:\n            exception_class = JavascriptException\n        elif status in ErrorCode.SESSION_NOT_CREATED:\n            exception_class = SessionNotCreatedException\n        elif status in ErrorCode.INVALID_ARGUMENT:\n            exception_class = InvalidArgumentException\n        elif status in ErrorCode.NO_SUCH_COOKIE:\n            exception_class = NoSuchCookieException\n        elif status in ErrorCode.UNABLE_TO_CAPTURE_SCREEN:\n            exception_class = ScreenshotException\n        elif status in ErrorCode.ELEMENT_CLICK_INTERCEPTED:\n            exception_class = ElementClickInterceptedException\n        elif status in ErrorCode.INSECURE_CERTIFICATE:\n            exception_class = InsecureCertificateException\n        elif status in ErrorCode.INVALID_COORDINATES:\n            exception_class = InvalidCoordinatesException\n        elif status in ErrorCode.INVALID_SESSION_ID:\n            exception_class = InvalidSessionIdException\n        elif status in ErrorCode.UNKNOWN_METHOD:\n            exception_class = UnknownMethodException\n        else:\n            exception_class = WebDriverException\n        if not value:\n            value = response['value']\n        if isinstance(value, str):\n            raise exception_class(value)\n        if message == \"\" and 'message' in value:\n            message = value['message']\n    \n        screen = None  # type: ignore[assignment]\n        if 'screen' in value:\n            screen = value['screen']\n    \n        stacktrace = None\n        st_value = value.get('stackTrace') or value.get('stacktrace')\n        if st_value:\n            if isinstance(st_value, str):\n                stacktrace = st_value.split('\\n')\n            else:\n                stacktrace = []\n                try:\n                    for frame in st_value:\n                        line = self._value_or_default(frame, 'lineNumber', '')\n                        file = self._value_or_default(frame, 'fileName', '<anonymous>')\n                        if line:\n                            file = \"%s:%s\" % (file, line)\n                        meth = self._value_or_default(frame, 'methodName', '<anonymous>')\n                        if 'className' in frame:\n                            meth = \"%s.%s\" % (frame['className'], meth)\n                        msg = \"    at %s (%s)\"\n                        msg = msg % (meth, file)\n                        stacktrace.append(msg)\n                except TypeError:\n                    pass\n        if exception_class == UnexpectedAlertPresentException:\n            alert_text = None\n            if 'data' in value:\n                alert_text = value['data'].get('text')\n            elif 'alert' in value:\n                alert_text = value['alert'].get('text')\n            raise exception_class(message, screen, stacktrace, alert_text)  # type: ignore[call-arg]  # mypy is not smart enough here\n>       raise exception_class(message, screen, stacktrace)\nE       selenium.common.exceptions.NoSuchElementException: Message: no such element: Unable to locate element: {\"method\":\"link text\",\"selector\":\"Logoutt\"}\nE         (Session info: chrome=103.0.5060.53)\nE       Stacktrace:\nE       Backtrace:\nE       \tOrdinal0 [0x00FC6463+2188387]\nE       \tOrdinal0 [0x00F5E461+1762401]\nE       \tOrdinal0 [0x00E73D78+802168]\nE       \tOrdinal0 [0x00EA1880+989312]\nE       \tOrdinal0 [0x00EA1B1B+989979]\nE       \tOrdinal0 [0x00ECE912+1173778]\nE       \tOrdinal0 [0x00EBC824+1099812]\nE       \tOrdinal0 [0x00ECCC22+1166370]\nE       \tOrdinal0 [0x00EBC5F6+1099254]\nE       \tOrdinal0 [0x00E96BE0+945120]\nE       \tOrdinal0 [0x00E97AD6+948950]\nE       \tGetHandleVerifier [0x012671F2+2712546]\nE       \tGetHandleVerifier [0x0125886D+2652765]\nE       \tGetHandleVerifier [0x0105002A+520730]\nE       \tGetHandleVerifier [0x0104EE06+516086]\nE       \tOrdinal0 [0x00F6468B+1787531]\nE       \tOrdinal0 [0x00F68E88+1805960]\nE       \tOrdinal0 [0x00F68F75+1806197]\nE       \tOrdinal0 [0x00F71DF1+1842673]\nE       \tBaseThreadInitThunk [0x76A9FA29+25]\nE       \tRtlGetAppContainerNamedObjectPath [0x77EB7A7E+286]\nE       \tRtlGetAppContainerNamedObjectPath [0x77EB7A4E+238]\n\n..\\..\\AppData\\Local\\Programs\\Python\\Python39\\lib\\site-packages\\selenium\\webdriver\\remote\\errorhandler.py:247: NoSuchElementException"}, "attachments": [{"name": "test_logout_23-06-2022_21-47-24", "source": "65efb348-8468-402a-ac95-a951edc508b6-attachment.png", "type": "image/png"}, {"name": "stdout", "source": "96da1892-2480-4847-a9cf-5b71b1871af0-attachment.txt", "type": "text/plain"}], "start": 1656001039732, "stop": 1656001045283, "uuid": "5390d1ae-4af3-4960-9b6c-df50aa37f0b0", "historyId": "22bac01b3c7491378deafbf6e6797ba7", "testCaseId": "b90200cedc51a1ecbba9a19fbdbf8893", "fullName": "tests.test_login.TestLogin#test_logout", "labels": [{"name": "tag", "value": "@pytest.mark.usefixtures('test_setup')"}, {"name": "parentSuite", "value": "tests"}, {"name": "suite", "value": "test_login"}, {"name": "subSuite", "value": "TestLogin"}, {"name": "host", "value": "KPATEL3410"}, {"name": "thread", "value": "10796-MainThread"}, {"name": "framework", "value": "pytest"}, {"name": "language", "value": "cpython3"}, {"name": "package", "value": "tests.test_login"}]}